2013-05-25 23:56:20,829 [10] INFO  AppSender.Logging - [:0,0,[RenewEDSenderM.CommManager.Client][Main]Function Enterd...()
2013-05-25 23:56:21,205 [10] INFO  AppSender.Logging - [:0,0,[RenewEDSenderM.CommManager.Client][Main]Complete reading the configuration!
2013-05-25 23:56:21,208 [10] INFO  AppSender.Logging - [:0,0,[RenewEDSenderM.CommManager.Client][Main]Connect...
2013-05-25 23:56:21,219 [10] INFO  AppSender.Logging - [:0,0,[RenewEDSenderM.CommManager.Client][Main]Retransmission process is created!
2013-05-25 23:56:21,220 [10] INFO  AppSender.Logging - [:0,0,[RenewEDSenderM.CommManager.Client][Main]Timer of fixed timing Report is created!
2013-05-25 23:56:21,226 [10] INFO  AppSender.Logging - [:0,0,[RenewEDSenderM.CommManager.Client][Authentication]Begin to request the authentication...
2013-05-25 23:56:21,245 [10] INFO  AppSender.Logging - [:0,0,[RenewEDSenderM.CommManager.Client][SendMsgB]Send Message
2013-05-25 23:56:21,267 [10] INFO  AppSender.Logging - [:0,0,[RenewEDSenderM.CommManager.Client][SendMsgB]Message is sent!
2013-05-25 23:56:21,268 [10] INFO  AppSender.Logging - [:0,0,[RenewEDSenderM.CommManager.Client][Authentication]Success to send request about authentication
2013-05-25 23:56:21,270 [10] INFO  AppSender.Logging - [:0,0,[RenewEDSenderM.CommManager.Client][Authentication]Success to receive the response about authentication
2013-05-25 23:56:21,288 [10] INFO  AppSender.Logging - [:0,0,[RenewEDSenderM.CommManager.Client][SendMsgB]Send Message
2013-05-25 23:56:21,301 [10] INFO  AppSender.Logging - [:0,0,[RenewEDSenderM.CommManager.Client][SendMsgB]Message is sent!
2013-05-25 23:56:21,000 [10] INFO  AppSender.Logging - [:0,0,[RenewEDSenderM.CommManager.Client][Authentication]Authentication process is successful!
2013-05-25 23:56:21,132 [13] WARN  AppSender.Logging - [:0,0,[RenewEDSenderM.CommManager.Client][Rereport]未取到失败须重传数据01/01/1900 01:01:01-01/01/3000 01:01:01
2013-05-25 23:57:21,129 [14] INFO  AppSender.Logging - [:0,0,[RenewEDSenderM.CommManager.Client][SendMsgB]Send Message
2013-05-25 23:57:21,129 [14] INFO  AppSender.Logging - [:0,0,[RenewEDSenderM.CommManager.Client][SendMsgB]Message is sent!
2013-05-25 23:57:21,207 [7] INFO  AppSender.Logging - [:0,0,[RenewEDSenderM.CommManager.Client][SendMsgB]Send Message
2013-05-25 23:57:21,207 [7] INFO  AppSender.Logging - [:0,0,[RenewEDSenderM.CommManager.Client][SendMsgB]Message is sent!
2013-05-25 23:57:21,363 [7] INFO  AppSender.Logging - [:0,0,[RenewEDSenderM.CommManager.Client][ReportEvent]The report is sent!
2013-05-25 23:58:21,149 [7] INFO  AppSender.Logging - [:0,0,[RenewEDSenderM.CommManager.Client][SendMsgB]Send Message
2013-05-25 23:58:21,149 [7] INFO  AppSender.Logging - [:0,0,[RenewEDSenderM.CommManager.Client][SendMsgB]Message is sent!
2013-05-25 23:58:21,258 [14] INFO  AppSender.Logging - [:0,0,[RenewEDSenderM.CommManager.Client][SendMsgB]Send Message
2013-05-25 23:58:21,258 [14] INFO  AppSender.Logging - [:0,0,[RenewEDSenderM.CommManager.Client][SendMsgB]Message is sent!
2013-05-25 23:58:21,414 [14] INFO  AppSender.Logging - [:0,0,[RenewEDSenderM.CommManager.Client][ReportEvent]The report is sent!
2013-05-25 23:59:21,164 [14] INFO  AppSender.Logging - [:0,0,[RenewEDSenderM.CommManager.Client][SendMsgB]Send Message
2013-05-25 23:59:21,164 [14] INFO  AppSender.Logging - [:0,0,[RenewEDSenderM.CommManager.Client][SendMsgB]Message is sent!
2013-05-25 23:59:21,242 [7] INFO  AppSender.Logging - [:0,0,[RenewEDSenderM.CommManager.Client][SendMsgB]Send Message
2013-05-25 23:59:21,242 [7] INFO  AppSender.Logging - [:0,0,[RenewEDSenderM.CommManager.Client][SendMsgB]Message is sent!
2013-05-25 23:59:21,351 [7] INFO  AppSender.Logging - [:0,0,[RenewEDSenderM.CommManager.Client][ReportEvent]The report is sent!
